<?xml version="1.0" encoding="UTF-8"?>
<testsuite name="TestSuite" time="9,964.809" tests="11" errors="0" skipped="0" failures="0">
  <properties>
[...]
</properties>
  <testcase name="clickBaseOnExcel_S1" classname="testClickBasedExcel_Session1" time="1,374.245"/>
  <testcase name="clickBaseOnExcel_S2" classname="testClickBasedExcel_Session2" time="1,090.525"/>
  <testcase name="clickBaseOnExcel_S1" classname="testClickBasedExcel_Session1" time="180.558"/>
  <testcase name="clickBaseOnExcel_S2" classname="testClickBasedExcel_Session2" time="1,305.488"/>
  <testcase name="clickBaseOnExcel_S1" classname="testClickBasedExcel_Session1" time="22.393"/>
  <testcase name="clickBaseOnExcel_S2" classname="testClickBasedExcel_Session2" time="1,229.47"/>
  <testcase name="clickBaseOnExcel_S1" classname="testClickBasedExcel_Session1" time="1,126.898"/>
  <testcase name="clickBaseOnExcel_S2" classname="testClickBasedExcel_Session2" time="156.154"/>
  <testcase name="clickBaseOnExcel_S1" classname="testClickBasedExcel_Session1" time="1,089.226"/>
  <testcase name="clickBaseOnExcel_S2" classname="testClickBasedExcel_Session2" time="2,348.608"/>
  <testcase name="checkActualClickOnExcelAndSendEmail" classname="checkActualClickOnExcelAndSendEmail" time="41.244"/>
</testsuite>